****************************
   PLMXML Log File Header   
   ----------------------   
            IMPORT          
****************************
Server Hostname :  TCPRODCORP
Teamcenter version :  Teamcenter V11000.2.2.20_20160504.00
Syslog-FileName :  C:\Users\TCAdmin\AppData\Local\Temp\tcserver.exe1a505fbb.syslog
LOG-FileName is:  KP Auto Assign Story Board LC.xml.log
XML-FileName is:  KP Auto Assign Story Board LC.xml
XSLT-FileName is:  
TransferMode Name :  workflow_template_import
OverWrite-ExistingData is:  0
CheckOutObjects-UponExport is:  0
CheckFor-ExportPrivilege is:  1
****************************
Workflow Template Import Mode: No Overwrite




///// Teamcenter Import Summary BEGIN: Processed the following PLMXML Elements
  Element:: WorkflowTemplate                                   Count:: 1 
///// Teamcenter Import Summary: Processed the following Teamcenter Objects
///// Teamcenter Import Summary END: /////


